<?xml version="1.0" encoding="UTF-8"?>
<!-- Generated by org.testng.reporters.JUnitReportReporter -->
<testsuite hostname="DESKTOP-50ERBGQ" failures="0" tests="1" name="learn_collections.Learn_Iterator" time="0.012" errors="0" timestamp="2023-02-05T19:56:52 IST" skipped="0">
  <testcase classname="learn_collections.Learn_Iterator" name="Learn_iterator" time="0.012"/>
  <system-out/>
</testsuite> <!-- learn_collections.Learn_Iterator -->
