<?xml version="1.0" encoding="UTF-8"?>
<!-- Generated by org.testng.reporters.JUnitReportReporter -->
<testsuite hostname="DESKTOP-50ERBGQ" failures="0" tests="1" name="learn_collections.Learn_List" time="0.010" errors="0" timestamp="2023-02-05T18:07:49 IST" skipped="0">
  <testcase classname="learn_collections.Learn_List" name="LearnArrayList" time="0.010"/>
  <system-out/>
</testsuite> <!-- learn_collections.Learn_List -->
