<?xml version="1.0" encoding="UTF-8"?>
<!-- Generated by org.testng.reporters.JUnitReportReporter -->
<testsuite hostname="DESKTOP-50ERBGQ" failures="0" tests="1" name="learn_java_progs.Running_Sum" time="3.441" errors="0" timestamp="2023-03-06T16:26:02 IST" skipped="0">
  <testcase classname="learn_java_progs.Running_Sum" name="running_sum" time="3.441"/>
  <system-out/>
</testsuite> <!-- learn_java_progs.Running_Sum -->
