<?xml version="1.0" encoding="UTF-8"?>
<!-- Generated by org.testng.reporters.JUnitReportReporter -->
<testsuite hostname="DESKTOP-50ERBGQ" failures="0" tests="7" name="learn_java_progs.Important_Java_Progs" time="0.017" errors="0" timestamp="2023-02-08T12:45:23 IST" skipped="0">
  <testcase classname="learn_java_progs.Important_Java_Progs" name="NumberTriangle" time="0.009"/>
  <system-out/>
  <testcase classname="learn_java_progs.Important_Java_Progs" name="AscenOrder" time="0.003"/>
  <system-out/>
  <testcase classname="learn_java_progs.Important_Java_Progs" name="ReverseWord" time="0.001"/>
  <system-out/>
  <testcase classname="learn_java_progs.Important_Java_Progs" name="ReverseCharacter" time="0.002"/>
  <system-out/>
  <testcase classname="learn_java_progs.Important_Java_Progs" name="CountOfIntegersInString" time="0.000"/>
  <system-out/>
  <testcase classname="learn_java_progs.Important_Java_Progs" name="FindDuplicates" time="0.001"/>
  <system-out/>
  <testcase classname="learn_java_progs.Important_Java_Progs" name="Incurrence" time="0.001"/>
  <system-out/>
</testsuite> <!-- learn_java_progs.Important_Java_Progs -->
