<?xml version="1.0" encoding="UTF-8"?>
<!-- Generated by org.testng.reporters.JUnitReportReporter -->
<testsuite hostname="DESKTOP-50ERBGQ" failures="0" tests="1" name="learn_collections.Learn_set" time="0.009" errors="0" timestamp="2023-02-08T16:13:06 IST" skipped="0">
  <testcase classname="learn_collections.Learn_set" name="Learnset" time="0.009"/>
  <system-out/>
</testsuite> <!-- learn_collections.Learn_set -->
